\BOOKMARK [-1][]{ctitle.-1}{脑健康测试系统研究}{}% 1
\BOOKMARK [0][]{thuchapter.1.0}{中文摘要}{ctitle.-1}% 2
\BOOKMARK [0][]{thuchapter.2.0}{ABSTRACT}{ctitle.-1}% 3
\BOOKMARK [0][]{thuchapter.3.0}{目 录}{ctitle.-1}% 4
\BOOKMARK [0][]{chapter.1}{第 1 章 引言}{ctitle.-1}% 5
\BOOKMARK [1][-]{section.1.1}{1.1 研究背景}{chapter.1}% 6
\BOOKMARK [1][-]{section.1.2}{1.2 研究现状}{chapter.1}% 7
\BOOKMARK [1][-]{section.1.3}{1.3 设计内容}{chapter.1}% 8
\BOOKMARK [1][-]{section.1.4}{1.4 论文的组织结构}{chapter.1}% 9
\BOOKMARK [0][]{chapter.2}{第 2 章 问卷、平台和工具}{ctitle.-1}% 10
\BOOKMARK [1][-]{section.2.1}{2.1 《神经心理学测试长问卷》介绍}{chapter.2}% 11
\BOOKMARK [1][-]{section.2.2}{2.2 Android平台介绍}{chapter.2}% 12
\BOOKMARK [2][-]{subsection.2.2.1}{2.2.1 Android介绍}{section.2.2}% 13
\BOOKMARK [2][-]{subsection.2.2.2}{2.2.2 Android Studio平台介绍}{section.2.2}% 14
\BOOKMARK [1][-]{section.2.3}{2.3 联想YOGA平板介绍}{chapter.2}% 15
\BOOKMARK [1][-]{section.2.4}{2.4 阿里云开放存储服务介绍}{chapter.2}% 16
\BOOKMARK [1][-]{section.2.5}{2.5 百度语音开放平台介绍}{chapter.2}% 17
\BOOKMARK [0][]{chapter.3}{第 3 章 需求分析与系统框架设计}{ctitle.-1}% 18
\BOOKMARK [1][-]{section.3.1}{3.1 业务需求分析}{chapter.3}% 19
\BOOKMARK [1][-]{section.3.2}{3.2 功能需求分析}{chapter.3}% 20
\BOOKMARK [2][-]{subsection.3.2.1}{3.2.1 故事复述题}{section.3.2}% 21
\BOOKMARK [2][-]{subsection.3.2.2}{3.2.2 图片复原题}{section.3.2}% 22
\BOOKMARK [2][-]{subsection.3.2.3}{3.2.3 单词配对题}{section.3.2}% 23
\BOOKMARK [2][-]{subsection.3.2.4}{3.2.4 延期复述题}{section.3.2}% 24
\BOOKMARK [2][-]{subsection.3.2.5}{3.2.5 数字串复述题}{section.3.2}% 25
\BOOKMARK [2][-]{subsection.3.2.6}{3.2.6 其他需求分析}{section.3.2}% 26
\BOOKMARK [1][-]{section.3.3}{3.3 系统框架设计}{chapter.3}% 27
\BOOKMARK [2][-]{subsection.3.3.1}{3.3.1 三个版本}{section.3.3}% 28
\BOOKMARK [3][-]{subsubsection.3.3.1.1}{3.3.1.1 在线医生版}{subsection.3.3.1}% 29
\BOOKMARK [3][-]{subsubsection.3.3.1.2}{3.3.1.2 在线病人版}{subsection.3.3.1}% 30
\BOOKMARK [3][-]{subsubsection.3.3.1.3}{3.3.1.3 离线打分版}{subsection.3.3.1}% 31
\BOOKMARK [3][-]{subsubsection.3.3.1.4}{3.3.1.4 三个版本的关系说明}{subsection.3.3.1}% 32
\BOOKMARK [2][-]{subsection.3.3.2}{3.3.2 数据系统设计}{section.3.3}% 33
\BOOKMARK [3][-]{subsubsection.3.3.2.1}{3.3.2.1 JSON格式介绍}{subsection.3.3.2}% 34
\BOOKMARK [3][-]{subsubsection.3.3.2.2}{3.3.2.2 题目资源数据}{subsection.3.3.2}% 35
\BOOKMARK [3][-]{subsubsection.3.3.2.3}{3.3.2.3 配置数据和答案数据}{subsection.3.3.2}% 36
\BOOKMARK [2][-]{subsection.3.3.3}{3.3.3 大体框架设计}{section.3.3}% 37
\BOOKMARK [3][-]{subsubsection.3.3.3.1}{3.3.3.1 题目的类}{subsection.3.3.3}% 38
\BOOKMARK [3][-]{subsubsection.3.3.3.2}{3.3.3.2 界面Activity}{subsection.3.3.3}% 39
\BOOKMARK [0][]{chapter.4}{第 4 章 语音识别实验}{ctitle.-1}% 40
\BOOKMARK [1][-]{section.4.1}{4.1 开放平台调查}{chapter.4}% 41
\BOOKMARK [1][-]{section.4.2}{4.2 实验设计和说明}{chapter.4}% 42
\BOOKMARK [1][-]{section.4.3}{4.3 实验结果}{chapter.4}% 43
\BOOKMARK [1][-]{section.4.4}{4.4 实验结论}{chapter.4}% 44
\BOOKMARK [0][]{chapter.5}{第 5 章 模块实现}{ctitle.-1}% 45
\BOOKMARK [1][-]{section.5.1}{5.1 登陆模块}{chapter.5}% 46
\BOOKMARK [1][-]{section.5.2}{5.2 故事复述题模块}{chapter.5}% 47
\BOOKMARK [1][-]{section.5.3}{5.3 画图题模块}{chapter.5}% 48
\BOOKMARK [1][-]{section.5.4}{5.4 单词对复述题模块}{chapter.5}% 49
\BOOKMARK [1][-]{section.5.5}{5.5 数字串复述题模块}{chapter.5}% 50
\BOOKMARK [1][-]{section.5.6}{5.6 选择题模块}{chapter.5}% 51
\BOOKMARK [1][-]{section.5.7}{5.7 其他模块}{chapter.5}% 52
\BOOKMARK [0][]{chapter.6}{第 6 章 测试}{ctitle.-1}% 53
\BOOKMARK [1][-]{section.6.1}{6.1 测试方法}{chapter.6}% 54
\BOOKMARK [1][-]{section.6.2}{6.2 测试结果}{chapter.6}% 55
\BOOKMARK [0][]{chapter.7}{第 7 章 总结}{ctitle.-1}% 56
\BOOKMARK [0][]{section*.41}{插图索引}{ctitle.-1}% 57
\BOOKMARK [0][]{section*.43}{表格索引}{ctitle.-1}% 58
\BOOKMARK [0][]{section*.46}{致 谢}{ctitle.-1}% 59
\BOOKMARK [0][]{section*.48}{声 明}{ctitle.-1}% 60
\BOOKMARK [0][]{appendix.A}{附录 A 书面翻译}{ctitle.-1}% 61
