This is pdfTeX, Version 3.1415926-2.5-1.40.14 (TeX Live 2013) (format=latex 2013.10.9)  8 JUN 2015 19:47
entering extended mode
 restricted \write18 enabled.
 %&-line parsing enabled.
**thuthesis.ins
(./thuthesis.ins
LaTeX2e <2011/06/27>
Babel <3.9f> and hyphenation patterns for 78 languages loaded.
(/usr/local/texlive/2013/texmf-dist/tex/latex/base/docstrip.tex
\blockLevel=\count79
\emptyLines=\count80
\processedLines=\count81
\commentsRemoved=\count82
\commentsPassed=\count83
\codeLinesPassed=\count84
\TotalprocessedLines=\count85
\TotalcommentsRemoved=\count86
\TotalcommentsPassed=\count87
\TotalcodeLinesPassed=\count88
\NumberOfFiles=\count89
\inFile=\read1
\inputcheck=\read2
\off@0=\count90
\off@1=\count91
\off@2=\count92
\off@3=\count93
\off@4=\count94
\off@5=\count95
\off@6=\count96
\off@7=\count97
\off@8=\count98
\off@9=\count99
\off@10=\count100
\off@11=\count101
\off@12=\count102
\off@13=\count103
\off@14=\count104
\off@15=\count105
\@maxfiles=\count106
\@maxoutfiles=\count107

Utility: `docstrip' 2.5d <2005/07/29>
English documentation    <1999/03/31>

**********************************************************
* This program converts documented macro-files into fast *
* loadable files by stripping off (nearly) all comments! *
**********************************************************

********************************************************
* No Configuration file found, using default settings. *
********************************************************

)

Generating file(s) ./thuthesis.cls ./thuthesis.cfg ./dtx-style.sty 
\openout0 = `./thuthesis.cls'.

\openout1 = `./thuthesis.cfg'.

\openout2 = `./dtx-style.sty'.


Processing file thuthesis.dtx (cls) -> thuthesis.cls
                              (cfg) -> thuthesis.cfg
                              (dtx-style) -> dtx-style.sty
File thuthesis.dtx ended by \endinput.
Lines  processed: 3244
Comments removed: 2044
Comments  passed: 0
Codelines passed: 1130

***********************************************************
*
* To finish the installation you have to move the following
* files into a directory searched by TeX:
*
* The recommended directory is TEXMF/tex/latex/thuthesis
*
*   thuthesis.cls
*   thuthesis.cfg
*
* To produce the documentation run the files ending with
* `.dtx' through LaTeX.
*
* Happy TeXing!
***********************************************************
 ) 
Here is how much of TeX's memory you used:
 332 strings out of 493316
 3422 string characters out of 6137930
 57658 words of memory out of 5000000
 3876 multiletter control sequences out of 15000+600000
 3640 words of font info for 14 fonts, out of 8000000 for 9000
 957 hyphenation exceptions out of 8191
 13i,0n,15p,232b,145s stack positions out of 5000i,500n,10000p,200000b,80000s

No pages of output.
